Thu Nov 15 2018 00:00:09 GMT+0100 (West Africa Standard Time): GET : /about
Thu Nov 15 2018 00:00:10 GMT+0100 (West Africa Standard Time): GET : /favicon.ico
Thu Nov 15 2018 00:08:11 GMT+0100 (West Africa Standard Time): GET : /about
Thu Nov 15 2018 00:08:11 GMT+0100 (West Africa Standard Time): GET : /favicon.ico
Thu Nov 15 2018 00:09:46 GMT+0100 (West Africa Standard Time): GET : /about
Thu Nov 15 2018 00:09:47 GMT+0100 (West Africa Standard Time): GET : /favicon.ico
Thu Nov 15 2018 00:09:55 GMT+0100 (West Africa Standard Time): GET : /help.html
Thu Nov 15 2018 00:09:55 GMT+0100 (West Africa Standard Time): GET : /favicon.ico
Thu Nov 15 2018 00:10:05 GMT+0100 (West Africa Standard Time): GET : /
Thu Nov 15 2018 00:10:05 GMT+0100 (West Africa Standard Time): GET : /favicon.ico
Thu Nov 15 2018 01:09:44 GMT+0100 (West Africa Standard Time): GET : /
Thu Nov 15 2018 01:09:45 GMT+0100 (West Africa Standard Time): GET : /favicon.ico
Thu Nov 15 2018 01:09:47 GMT+0100 (West Africa Standard Time): GET : /projects
Thu Nov 15 2018 01:09:47 GMT+0100 (West Africa Standard Time): GET : /favicon.ico
Thu Nov 15 2018 01:09:53 GMT+0100 (West Africa Standard Time): GET : /
Thu Nov 15 2018 01:09:53 GMT+0100 (West Africa Standard Time): GET : /favicon.ico
Thu Nov 15 2018 01:09:54 GMT+0100 (West Africa Standard Time): GET : /about
Thu Nov 15 2018 01:09:54 GMT+0100 (West Africa Standard Time): GET : /favicon.ico
Thu Nov 15 2018 01:09:55 GMT+0100 (West Africa Standard Time): GET : /projects
Thu Nov 15 2018 01:09:55 GMT+0100 (West Africa Standard Time): GET : /favicon.ico
Thu Nov 15 2018 01:10:13 GMT+0100 (West Africa Standard Time): GET : /projects
Thu Nov 15 2018 01:10:14 GMT+0100 (West Africa Standard Time): GET : /favicon.ico
Thu Nov 15 2018 21:40:57 GMT+0100 (West Africa Standard Time): GET : /favicon.ico
